<?xml version="1.0" encoding="UTF-8"?>
<!-- Generated by org.testng.reporters.JUnitReportReporter -->
<testsuite hostname="RIHANA" failures="0" tests="1" name="Tc001" time="1.795" errors="0" timestamp="2025-02-16T03:17:29 EST" skipped="0">
  <testcase classname="Tc001" name="execution" time="1.795"/>
</testsuite> <!-- Tc001 -->
