<?xml version="1.0" encoding="UTF-8"?>
<!-- Generated by org.testng.reporters.JUnitReportReporter -->
<testsuite hostname="RIHANA" failures="0" tests="1" name="TestCases.TC_VerifyGlobalSearcBoxResults" time="10.240" errors="0" timestamp="2025-02-17T18:38:56 EST" skipped="0">
  <testcase classname="TestCases.TC_VerifyGlobalSearcBoxResults" name="execution" time="10.240"/>
</testsuite> <!-- TestCases.TC_VerifyGlobalSearcBoxResults -->
