<?xml version="1.0" encoding="UTF-8"?>
<!-- Generated by org.testng.reporters.JUnitReportReporter -->
<testsuite hostname="RIHANA" failures="0" tests="1" name="TestCases.Tc001" time="1.134" errors="0" timestamp="2025-02-16T11:13:30 EST" skipped="0">
  <testcase classname="TestCases.Tc001" name="execution" time="1.134"/>
</testsuite> <!-- TestCases.Tc001 -->
